INFO:django.utils.autoreload: Watching for file changes with StatReloader (2019-11-13 15:42:12; autoreload.py:597)
ERROR:main.views.viewset: 3: kuat created task: fix (2019-11-13 15:43:17; viewset.py:56)
INFO:django.utils.autoreload: C:\Users\Lenovo\Desktop\work\AdvancedDjango\week3\main\views\viewset.py changed, reloading. (2019-11-13 15:45:36; autoreload.py:217)
INFO:django.utils.autoreload: Watching for file changes with StatReloader (2019-11-13 15:45:38; autoreload.py:597)
INFO:django.utils.autoreload: C:\Users\Lenovo\Desktop\work\AdvancedDjango\week3\main\views\viewset.py changed, reloading. (2019-11-13 15:49:53; autoreload.py:217)
INFO:django.utils.autoreload: Watching for file changes with StatReloader (2019-11-13 15:49:55; autoreload.py:597)
INFO:django.utils.autoreload: C:\Users\Lenovo\Desktop\work\AdvancedDjango\week3\main\views\viewset.py changed, reloading. (2019-11-13 15:50:34; autoreload.py:217)
INFO:django.utils.autoreload: Watching for file changes with StatReloader (2019-11-13 15:50:35; autoreload.py:597)
INFO:django.utils.autoreload: C:\Users\Lenovo\Desktop\work\AdvancedDjango\week3\main\views\viewset.py changed, reloading. (2019-11-13 15:52:14; autoreload.py:217)
INFO:django.utils.autoreload: Watching for file changes with StatReloader (2019-11-13 15:52:16; autoreload.py:597)
ERROR:django.request: Internal Server Error: /main/projects/ (2019-11-13 15:52:24; log.py:228)
Traceback (most recent call last):
  File "C:\Users\Lenovo\Desktop\work\AdvancedDjango\myvenv\lib\site-packages\django\core\handlers\exception.py", line 34, in inner
    response = get_response(request)
  File "C:\Users\Lenovo\Desktop\work\AdvancedDjango\myvenv\lib\site-packages\django\core\handlers\base.py", line 115, in _get_response
    response = self.process_exception_by_middleware(e, request)
  File "C:\Users\Lenovo\Desktop\work\AdvancedDjango\myvenv\lib\site-packages\django\core\handlers\base.py", line 113, in _get_response
    response = wrapped_callback(request, *callback_args, **callback_kwargs)
  File "C:\Users\Lenovo\Desktop\work\AdvancedDjango\myvenv\lib\site-packages\django\views\decorators\csrf.py", line 54, in wrapped_view
    return view_func(*args, **kwargs)
  File "C:\Users\Lenovo\Desktop\work\AdvancedDjango\myvenv\lib\site-packages\rest_framework\viewsets.py", line 114, in view
    return self.dispatch(request, *args, **kwargs)
  File "C:\Users\Lenovo\Desktop\work\AdvancedDjango\myvenv\lib\site-packages\rest_framework\views.py", line 497, in dispatch
    response = self.handle_exception(exc)
  File "C:\Users\Lenovo\Desktop\work\AdvancedDjango\myvenv\lib\site-packages\rest_framework\views.py", line 457, in handle_exception
    self.raise_uncaught_exception(exc)
  File "C:\Users\Lenovo\Desktop\work\AdvancedDjango\myvenv\lib\site-packages\rest_framework\views.py", line 468, in raise_uncaught_exception
    raise exc
  File "C:\Users\Lenovo\Desktop\work\AdvancedDjango\myvenv\lib\site-packages\rest_framework\views.py", line 494, in dispatch
    response = handler(request, *args, **kwargs)
  File "C:\Users\Lenovo\Desktop\work\AdvancedDjango\myvenv\lib\site-packages\rest_framework\mixins.py", line 19, in create
    self.perform_create(serializer)
  File "C:\Users\Lenovo\Desktop\work\AdvancedDjango\week3\main\views\viewset.py", line 34, in perform_create
    logger.info(f"{self.request.user} created task: {serializer.data.get('name')}")
  File "C:\Users\Lenovo\Desktop\work\AdvancedDjango\myvenv\lib\site-packages\rest_framework\serializers.py", line 559, in data
    ret = super().data
  File "C:\Users\Lenovo\Desktop\work\AdvancedDjango\myvenv\lib\site-packages\rest_framework\serializers.py", line 263, in data
    self._data = self.to_representation(self.validated_data)
  File "C:\Users\Lenovo\Desktop\work\AdvancedDjango\myvenv\lib\site-packages\rest_framework\serializers.py", line 526, in to_representation
    ret[field.field_name] = field.to_representation(attribute)
  File "C:\Users\Lenovo\Desktop\work\AdvancedDjango\myvenv\lib\site-packages\rest_framework\fields.py", line 1873, in to_representation
    return method(value)
  File "C:\Users\Lenovo\Desktop\work\AdvancedDjango\week3\main\serializers.py", line 40, in get_creator_name
    if obj.creator is not None:
AttributeError: 'collections.OrderedDict' object has no attribute 'creator'
ERROR:django.request: Internal Server Error: /main/projects/ (2019-11-13 15:56:41; log.py:228)
Traceback (most recent call last):
  File "C:\Users\Lenovo\Desktop\work\AdvancedDjango\myvenv\lib\site-packages\django\core\handlers\exception.py", line 34, in inner
    response = get_response(request)
  File "C:\Users\Lenovo\Desktop\work\AdvancedDjango\myvenv\lib\site-packages\django\core\handlers\base.py", line 115, in _get_response
    response = self.process_exception_by_middleware(e, request)
  File "C:\Users\Lenovo\Desktop\work\AdvancedDjango\myvenv\lib\site-packages\django\core\handlers\base.py", line 113, in _get_response
    response = wrapped_callback(request, *callback_args, **callback_kwargs)
  File "C:\Users\Lenovo\Desktop\work\AdvancedDjango\myvenv\lib\site-packages\django\views\decorators\csrf.py", line 54, in wrapped_view
    return view_func(*args, **kwargs)
  File "C:\Users\Lenovo\Desktop\work\AdvancedDjango\myvenv\lib\site-packages\rest_framework\viewsets.py", line 114, in view
    return self.dispatch(request, *args, **kwargs)
  File "C:\Users\Lenovo\Desktop\work\AdvancedDjango\myvenv\lib\site-packages\rest_framework\views.py", line 497, in dispatch
    response = self.handle_exception(exc)
  File "C:\Users\Lenovo\Desktop\work\AdvancedDjango\myvenv\lib\site-packages\rest_framework\views.py", line 457, in handle_exception
    self.raise_uncaught_exception(exc)
  File "C:\Users\Lenovo\Desktop\work\AdvancedDjango\myvenv\lib\site-packages\rest_framework\views.py", line 468, in raise_uncaught_exception
    raise exc
  File "C:\Users\Lenovo\Desktop\work\AdvancedDjango\myvenv\lib\site-packages\rest_framework\views.py", line 494, in dispatch
    response = handler(request, *args, **kwargs)
  File "C:\Users\Lenovo\Desktop\work\AdvancedDjango\myvenv\lib\site-packages\rest_framework\mixins.py", line 19, in create
    self.perform_create(serializer)
  File "C:\Users\Lenovo\Desktop\work\AdvancedDjango\week3\main\views\viewset.py", line 34, in perform_create
    logger.info(f"{self.request.user} created task: {serializer.data.get('name')}")
  File "C:\Users\Lenovo\Desktop\work\AdvancedDjango\myvenv\lib\site-packages\rest_framework\serializers.py", line 559, in data
    ret = super().data
  File "C:\Users\Lenovo\Desktop\work\AdvancedDjango\myvenv\lib\site-packages\rest_framework\serializers.py", line 263, in data
    self._data = self.to_representation(self.validated_data)
  File "C:\Users\Lenovo\Desktop\work\AdvancedDjango\myvenv\lib\site-packages\rest_framework\serializers.py", line 526, in to_representation
    ret[field.field_name] = field.to_representation(attribute)
  File "C:\Users\Lenovo\Desktop\work\AdvancedDjango\myvenv\lib\site-packages\rest_framework\fields.py", line 1873, in to_representation
    return method(value)
  File "C:\Users\Lenovo\Desktop\work\AdvancedDjango\week3\main\serializers.py", line 40, in get_creator_name
    if obj.creator is not None:
AttributeError: 'collections.OrderedDict' object has no attribute 'creator'
INFO:django.utils.autoreload: C:\Users\Lenovo\Desktop\work\AdvancedDjango\week3\main\serializers.py changed, reloading. (2019-11-13 15:59:59; autoreload.py:217)
INFO:django.utils.autoreload: Watching for file changes with StatReloader (2019-11-13 16:00:00; autoreload.py:597)
INFO:django.utils.autoreload: Watching for file changes with StatReloader (2019-11-13 16:02:02; autoreload.py:597)
ERROR:django.request: Internal Server Error: /main/projects/ (2019-11-13 16:02:08; log.py:228)
Traceback (most recent call last):
  File "C:\Users\Lenovo\Desktop\work\AdvancedDjango\myvenv\lib\site-packages\django\core\handlers\exception.py", line 34, in inner
    response = get_response(request)
  File "C:\Users\Lenovo\Desktop\work\AdvancedDjango\myvenv\lib\site-packages\django\core\handlers\base.py", line 115, in _get_response
    response = self.process_exception_by_middleware(e, request)
  File "C:\Users\Lenovo\Desktop\work\AdvancedDjango\myvenv\lib\site-packages\django\core\handlers\base.py", line 113, in _get_response
    response = wrapped_callback(request, *callback_args, **callback_kwargs)
  File "C:\Users\Lenovo\Desktop\work\AdvancedDjango\myvenv\lib\site-packages\django\views\decorators\csrf.py", line 54, in wrapped_view
    return view_func(*args, **kwargs)
  File "C:\Users\Lenovo\Desktop\work\AdvancedDjango\myvenv\lib\site-packages\rest_framework\viewsets.py", line 114, in view
    return self.dispatch(request, *args, **kwargs)
  File "C:\Users\Lenovo\Desktop\work\AdvancedDjango\myvenv\lib\site-packages\rest_framework\views.py", line 497, in dispatch
    response = self.handle_exception(exc)
  File "C:\Users\Lenovo\Desktop\work\AdvancedDjango\myvenv\lib\site-packages\rest_framework\views.py", line 457, in handle_exception
    self.raise_uncaught_exception(exc)
  File "C:\Users\Lenovo\Desktop\work\AdvancedDjango\myvenv\lib\site-packages\rest_framework\views.py", line 468, in raise_uncaught_exception
    raise exc
  File "C:\Users\Lenovo\Desktop\work\AdvancedDjango\myvenv\lib\site-packages\rest_framework\views.py", line 494, in dispatch
    response = handler(request, *args, **kwargs)
  File "C:\Users\Lenovo\Desktop\work\AdvancedDjango\myvenv\lib\site-packages\rest_framework\mixins.py", line 19, in create
    self.perform_create(serializer)
  File "C:\Users\Lenovo\Desktop\work\AdvancedDjango\week3\main\views\viewset.py", line 34, in perform_create
    logger.info(f"{self.request.user} created task: {serializer.data.get('name')}")
  File "C:\Users\Lenovo\Desktop\work\AdvancedDjango\myvenv\lib\site-packages\rest_framework\serializers.py", line 559, in data
    ret = super().data
  File "C:\Users\Lenovo\Desktop\work\AdvancedDjango\myvenv\lib\site-packages\rest_framework\serializers.py", line 263, in data
    self._data = self.to_representation(self.validated_data)
  File "C:\Users\Lenovo\Desktop\work\AdvancedDjango\myvenv\lib\site-packages\rest_framework\serializers.py", line 526, in to_representation
    ret[field.field_name] = field.to_representation(attribute)
  File "C:\Users\Lenovo\Desktop\work\AdvancedDjango\myvenv\lib\site-packages\rest_framework\fields.py", line 1873, in to_representation
    return method(value)
  File "C:\Users\Lenovo\Desktop\work\AdvancedDjango\week3\main\serializers.py", line 40, in get_creator_name
    if obj.creator is not None:
AttributeError: 'collections.OrderedDict' object has no attribute 'creator'
INFO:django.utils.autoreload: C:\Users\Lenovo\Desktop\work\AdvancedDjango\week3\main\views\viewset.py changed, reloading. (2019-11-13 16:06:35; autoreload.py:217)
INFO:django.utils.autoreload: Watching for file changes with StatReloader (2019-11-13 16:06:37; autoreload.py:597)
INFO:django.utils.autoreload: C:\Users\Lenovo\Desktop\work\AdvancedDjango\week3\main\serializers.py changed, reloading. (2019-11-13 16:08:39; autoreload.py:217)
INFO:django.utils.autoreload: Watching for file changes with StatReloader (2019-11-13 16:08:41; autoreload.py:597)
ERROR:main.serializers: value of name must have at least 3 characters (2019-11-13 16:10:08; serializers.py:102)
INFO:django.utils.autoreload: C:\Users\Lenovo\Desktop\work\AdvancedDjango\week3\jira\settings.py changed, reloading. (2019-11-13 16:11:52; autoreload.py:217)
INFO:django.utils.autoreload: Watching for file changes with StatReloader (2019-11-13 16:11:54; autoreload.py:597)
INFO:django.utils.autoreload: C:\Users\Lenovo\Desktop\work\AdvancedDjango\week3\jira\settings.py changed, reloading. (2019-11-13 16:13:08; autoreload.py:217)
INFO:django.utils.autoreload: Watching for file changes with StatReloader (2019-11-13 16:13:09; autoreload.py:597)
INFO:django.utils.autoreload: C:\Users\Lenovo\Desktop\work\AdvancedDjango\week3\main\signals.py changed, reloading. (2019-11-13 16:15:41; autoreload.py:217)
INFO:django.utils.autoreload: Watching for file changes with StatReloader (2019-11-13 16:15:42; autoreload.py:597)
INFO:django.utils.autoreload: C:\Users\Lenovo\Desktop\work\AdvancedDjango\week3\main\signals.py changed, reloading. (2019-11-13 16:15:57; autoreload.py:217)
INFO:django.utils.autoreload: Watching for file changes with StatReloader (2019-11-13 16:15:58; autoreload.py:597)
ERROR:django.request: Internal Server Error: /main/projects/ (2019-11-13 16:16:03; log.py:228)
Traceback (most recent call last):
  File "C:\Users\Lenovo\Desktop\work\AdvancedDjango\myvenv\lib\site-packages\django\db\backends\utils.py", line 84, in _execute
    return self.cursor.execute(sql, params)
  File "C:\Users\Lenovo\Desktop\work\AdvancedDjango\myvenv\lib\site-packages\django\db\backends\sqlite3\base.py", line 383, in execute
    return Database.Cursor.execute(self, query, params)
sqlite3.IntegrityError: NOT NULL constraint failed: main_project.creator_id

The above exception was the direct cause of the following exception:

Traceback (most recent call last):
  File "C:\Users\Lenovo\Desktop\work\AdvancedDjango\myvenv\lib\site-packages\django\core\handlers\exception.py", line 34, in inner
    response = get_response(request)
  File "C:\Users\Lenovo\Desktop\work\AdvancedDjango\myvenv\lib\site-packages\django\core\handlers\base.py", line 115, in _get_response
    response = self.process_exception_by_middleware(e, request)
  File "C:\Users\Lenovo\Desktop\work\AdvancedDjango\myvenv\lib\site-packages\django\core\handlers\base.py", line 113, in _get_response
    response = wrapped_callback(request, *callback_args, **callback_kwargs)
  File "C:\Users\Lenovo\Desktop\work\AdvancedDjango\myvenv\lib\site-packages\django\views\decorators\csrf.py", line 54, in wrapped_view
    return view_func(*args, **kwargs)
  File "C:\Users\Lenovo\Desktop\work\AdvancedDjango\myvenv\lib\site-packages\rest_framework\viewsets.py", line 114, in view
    return self.dispatch(request, *args, **kwargs)
  File "C:\Users\Lenovo\Desktop\work\AdvancedDjango\myvenv\lib\site-packages\rest_framework\views.py", line 497, in dispatch
    response = self.handle_exception(exc)
  File "C:\Users\Lenovo\Desktop\work\AdvancedDjango\myvenv\lib\site-packages\rest_framework\views.py", line 457, in handle_exception
    self.raise_uncaught_exception(exc)
  File "C:\Users\Lenovo\Desktop\work\AdvancedDjango\myvenv\lib\site-packages\rest_framework\views.py", line 468, in raise_uncaught_exception
    raise exc
  File "C:\Users\Lenovo\Desktop\work\AdvancedDjango\myvenv\lib\site-packages\rest_framework\views.py", line 494, in dispatch
    response = handler(request, *args, **kwargs)
  File "C:\Users\Lenovo\Desktop\work\AdvancedDjango\myvenv\lib\site-packages\rest_framework\mixins.py", line 19, in create
    self.perform_create(serializer)
  File "C:\Users\Lenovo\Desktop\work\AdvancedDjango\myvenv\lib\site-packages\rest_framework\mixins.py", line 24, in perform_create
    serializer.save()
  File "C:\Users\Lenovo\Desktop\work\AdvancedDjango\myvenv\lib\site-packages\rest_framework\serializers.py", line 213, in save
    self.instance = self.create(validated_data)
  File "C:\Users\Lenovo\Desktop\work\AdvancedDjango\myvenv\lib\site-packages\rest_framework\serializers.py", line 932, in create
    instance = ModelClass._default_manager.create(**validated_data)
  File "C:\Users\Lenovo\Desktop\work\AdvancedDjango\myvenv\lib\site-packages\django\db\models\manager.py", line 82, in manager_method
    return getattr(self.get_queryset(), name)(*args, **kwargs)
  File "C:\Users\Lenovo\Desktop\work\AdvancedDjango\myvenv\lib\site-packages\django\db\models\query.py", line 422, in create
    obj.save(force_insert=True, using=self.db)
  File "C:\Users\Lenovo\Desktop\work\AdvancedDjango\myvenv\lib\site-packages\django\db\models\base.py", line 741, in save
    force_update=force_update, update_fields=update_fields)
  File "C:\Users\Lenovo\Desktop\work\AdvancedDjango\myvenv\lib\site-packages\django\db\models\base.py", line 779, in save_base
    force_update, using, update_fields,
  File "C:\Users\Lenovo\Desktop\work\AdvancedDjango\myvenv\lib\site-packages\django\db\models\base.py", line 870, in _save_table
    result = self._do_insert(cls._base_manager, using, fields, update_pk, raw)
  File "C:\Users\Lenovo\Desktop\work\AdvancedDjango\myvenv\lib\site-packages\django\db\models\base.py", line 908, in _do_insert
    using=using, raw=raw)
  File "C:\Users\Lenovo\Desktop\work\AdvancedDjango\myvenv\lib\site-packages\django\db\models\manager.py", line 82, in manager_method
    return getattr(self.get_queryset(), name)(*args, **kwargs)
  File "C:\Users\Lenovo\Desktop\work\AdvancedDjango\myvenv\lib\site-packages\django\db\models\query.py", line 1186, in _insert
    return query.get_compiler(using=using).execute_sql(return_id)
  File "C:\Users\Lenovo\Desktop\work\AdvancedDjango\myvenv\lib\site-packages\django\db\models\sql\compiler.py", line 1335, in execute_sql
    cursor.execute(sql, params)
  File "C:\Users\Lenovo\Desktop\work\AdvancedDjango\myvenv\lib\site-packages\django\db\backends\utils.py", line 99, in execute
    return super().execute(sql, params)
  File "C:\Users\Lenovo\Desktop\work\AdvancedDjango\myvenv\lib\site-packages\django\db\backends\utils.py", line 67, in execute
    return self._execute_with_wrappers(sql, params, many=False, executor=self._execute)
  File "C:\Users\Lenovo\Desktop\work\AdvancedDjango\myvenv\lib\site-packages\django\db\backends\utils.py", line 76, in _execute_with_wrappers
    return executor(sql, params, many, context)
  File "C:\Users\Lenovo\Desktop\work\AdvancedDjango\myvenv\lib\site-packages\django\db\backends\utils.py", line 84, in _execute
    return self.cursor.execute(sql, params)
  File "C:\Users\Lenovo\Desktop\work\AdvancedDjango\myvenv\lib\site-packages\django\db\utils.py", line 89, in __exit__
    raise dj_exc_value.with_traceback(traceback) from exc_value
  File "C:\Users\Lenovo\Desktop\work\AdvancedDjango\myvenv\lib\site-packages\django\db\backends\utils.py", line 84, in _execute
    return self.cursor.execute(sql, params)
  File "C:\Users\Lenovo\Desktop\work\AdvancedDjango\myvenv\lib\site-packages\django\db\backends\sqlite3\base.py", line 383, in execute
    return Database.Cursor.execute(self, query, params)
django.db.utils.IntegrityError: NOT NULL constraint failed: main_project.creator_id
INFO:django.utils.autoreload: C:\Users\Lenovo\Desktop\work\AdvancedDjango\week3\main\views\viewset.py changed, reloading. (2019-11-13 16:16:56; autoreload.py:217)
INFO:django.utils.autoreload: Watching for file changes with StatReloader (2019-11-13 16:16:58; autoreload.py:597)
INFO:django.utils.autoreload: C:\Users\Lenovo\Desktop\work\AdvancedDjango\week3\main\views\viewset.py changed, reloading. (2019-11-13 16:17:56; autoreload.py:217)
INFO:django.utils.autoreload: Watching for file changes with StatReloader (2019-11-13 16:17:58; autoreload.py:597)
INFO:django.utils.autoreload: C:\Users\Lenovo\Desktop\work\AdvancedDjango\week3\utils\upload.py changed, reloading. (2019-11-13 16:18:33; autoreload.py:217)
INFO:django.utils.autoreload: Watching for file changes with StatReloader (2019-11-13 16:18:34; autoreload.py:597)
INFO:django.utils.autoreload: C:\Users\Lenovo\Desktop\work\AdvancedDjango\week3\utils\upload.py changed, reloading. (2019-11-13 16:18:48; autoreload.py:217)
INFO:django.utils.autoreload: Watching for file changes with StatReloader (2019-11-13 16:18:49; autoreload.py:597)
ERROR:django.request: Internal Server Error: /main/tasks/7/ (2019-11-13 16:29:27; log.py:228)
Traceback (most recent call last):
  File "C:\Users\Lenovo\Desktop\work\AdvancedDjango\myvenv\lib\site-packages\django\core\handlers\exception.py", line 34, in inner
    response = get_response(request)
  File "C:\Users\Lenovo\Desktop\work\AdvancedDjango\myvenv\lib\site-packages\django\core\handlers\base.py", line 115, in _get_response
    response = self.process_exception_by_middleware(e, request)
  File "C:\Users\Lenovo\Desktop\work\AdvancedDjango\myvenv\lib\site-packages\django\core\handlers\base.py", line 113, in _get_response
    response = wrapped_callback(request, *callback_args, **callback_kwargs)
  File "C:\Users\Lenovo\Desktop\work\AdvancedDjango\myvenv\lib\site-packages\django\views\decorators\csrf.py", line 54, in wrapped_view
    return view_func(*args, **kwargs)
  File "C:\Users\Lenovo\Desktop\work\AdvancedDjango\myvenv\lib\site-packages\rest_framework\viewsets.py", line 114, in view
    return self.dispatch(request, *args, **kwargs)
  File "C:\Users\Lenovo\Desktop\work\AdvancedDjango\myvenv\lib\site-packages\rest_framework\views.py", line 497, in dispatch
    response = self.handle_exception(exc)
  File "C:\Users\Lenovo\Desktop\work\AdvancedDjango\myvenv\lib\site-packages\rest_framework\views.py", line 457, in handle_exception
    self.raise_uncaught_exception(exc)
  File "C:\Users\Lenovo\Desktop\work\AdvancedDjango\myvenv\lib\site-packages\rest_framework\views.py", line 468, in raise_uncaught_exception
    raise exc
  File "C:\Users\Lenovo\Desktop\work\AdvancedDjango\myvenv\lib\site-packages\rest_framework\views.py", line 494, in dispatch
    response = handler(request, *args, **kwargs)
  File "C:\Users\Lenovo\Desktop\work\AdvancedDjango\myvenv\lib\site-packages\rest_framework\mixins.py", line 91, in destroy
    self.perform_destroy(instance)
  File "C:\Users\Lenovo\Desktop\work\AdvancedDjango\myvenv\lib\site-packages\rest_framework\mixins.py", line 95, in perform_destroy
    instance.delete()
  File "C:\Users\Lenovo\Desktop\work\AdvancedDjango\myvenv\lib\site-packages\django\db\models\base.py", line 919, in delete
    return collector.delete()
  File "C:\Users\Lenovo\Desktop\work\AdvancedDjango\myvenv\lib\site-packages\django\db\models\deletion.py", line 318, in delete
    sender=model, instance=obj, using=self.using
  File "C:\Users\Lenovo\Desktop\work\AdvancedDjango\myvenv\lib\site-packages\django\dispatch\dispatcher.py", line 175, in send
    for receiver in self._live_receivers(sender)
  File "C:\Users\Lenovo\Desktop\work\AdvancedDjango\myvenv\lib\site-packages\django\dispatch\dispatcher.py", line 175, in <listcomp>
    for receiver in self._live_receivers(sender)
  File "C:\Users\Lenovo\Desktop\work\AdvancedDjango\week3\main\signals.py", line 12, in task_deleted
    if instance.document:
AttributeError: 'Task' object has no attribute 'document'
INFO:django.utils.autoreload: C:\Users\Lenovo\Desktop\work\AdvancedDjango\week3\main\signals.py changed, reloading. (2019-11-13 16:30:49; autoreload.py:217)
INFO:django.utils.autoreload: Watching for file changes with StatReloader (2019-11-13 16:30:51; autoreload.py:597)
INFO:django.utils.autoreload: C:\Users\Lenovo\Desktop\work\AdvancedDjango\week3\main\signals.py changed, reloading. (2019-11-13 16:31:34; autoreload.py:217)
INFO:django.utils.autoreload: Watching for file changes with StatReloader (2019-11-13 16:31:36; autoreload.py:597)
INFO:django.utils.autoreload: C:\Users\Lenovo\Desktop\work\AdvancedDjango\week3\main\signals.py changed, reloading. (2019-11-13 16:32:55; autoreload.py:217)
INFO:django.utils.autoreload: Watching for file changes with StatReloader (2019-11-13 16:32:56; autoreload.py:597)
INFO:main.views.viewset: 1: admin created task: fix signals (2019-11-13 16:33:58; viewset.py:51)
INFO:django.utils.autoreload: C:\Users\Lenovo\Desktop\work\AdvancedDjango\week3\utils\upload.py changed, reloading. (2019-11-13 16:35:31; autoreload.py:217)
INFO:django.utils.autoreload: Watching for file changes with StatReloader (2019-11-13 16:35:32; autoreload.py:597)
INFO:django.utils.autoreload: C:\Users\Lenovo\Desktop\work\AdvancedDjango\week3\utils\upload.py changed, reloading. (2019-11-13 16:36:21; autoreload.py:217)
INFO:django.utils.autoreload: Watching for file changes with StatReloader (2019-11-13 16:36:23; autoreload.py:597)
INFO:django.utils.autoreload: C:\Users\Lenovo\Desktop\work\AdvancedDjango\week3\main\signals.py changed, reloading. (2019-11-13 16:36:40; autoreload.py:217)
INFO:django.utils.autoreload: Watching for file changes with StatReloader (2019-11-13 16:36:41; autoreload.py:597)
INFO:django.utils.autoreload: C:\Users\Lenovo\Desktop\work\AdvancedDjango\week3\main\signals.py changed, reloading. (2019-11-13 16:37:01; autoreload.py:217)
INFO:django.utils.autoreload: Watching for file changes with StatReloader (2019-11-13 16:37:02; autoreload.py:597)
INFO:django.utils.autoreload: C:\Users\Lenovo\Desktop\work\AdvancedDjango\week3\main\signals.py changed, reloading. (2019-11-13 16:39:08; autoreload.py:217)
INFO:django.utils.autoreload: Watching for file changes with StatReloader (2019-11-13 16:39:09; autoreload.py:597)
INFO:django.utils.autoreload: C:\Users\Lenovo\Desktop\work\AdvancedDjango\week3\main\signals.py changed, reloading. (2019-11-13 16:41:56; autoreload.py:217)
INFO:django.utils.autoreload: Watching for file changes with StatReloader (2019-11-13 16:41:58; autoreload.py:597)
INFO:django.utils.autoreload: C:\Users\Lenovo\Desktop\work\AdvancedDjango\week3\main\signals.py changed, reloading. (2019-11-13 16:42:49; autoreload.py:217)
INFO:django.utils.autoreload: Watching for file changes with StatReloader (2019-11-13 16:42:50; autoreload.py:597)
ERROR:django.request: Internal Server Error: /main/tasks/8/ (2019-11-13 16:43:03; log.py:228)
Traceback (most recent call last):
  File "C:\Users\Lenovo\Desktop\work\AdvancedDjango\myvenv\lib\site-packages\django\core\handlers\exception.py", line 34, in inner
    response = get_response(request)
  File "C:\Users\Lenovo\Desktop\work\AdvancedDjango\myvenv\lib\site-packages\django\core\handlers\base.py", line 115, in _get_response
    response = self.process_exception_by_middleware(e, request)
  File "C:\Users\Lenovo\Desktop\work\AdvancedDjango\myvenv\lib\site-packages\django\core\handlers\base.py", line 113, in _get_response
    response = wrapped_callback(request, *callback_args, **callback_kwargs)
  File "C:\Users\Lenovo\Desktop\work\AdvancedDjango\myvenv\lib\site-packages\django\views\decorators\csrf.py", line 54, in wrapped_view
    return view_func(*args, **kwargs)
  File "C:\Users\Lenovo\Desktop\work\AdvancedDjango\myvenv\lib\site-packages\rest_framework\viewsets.py", line 114, in view
    return self.dispatch(request, *args, **kwargs)
  File "C:\Users\Lenovo\Desktop\work\AdvancedDjango\myvenv\lib\site-packages\rest_framework\views.py", line 497, in dispatch
    response = self.handle_exception(exc)
  File "C:\Users\Lenovo\Desktop\work\AdvancedDjango\myvenv\lib\site-packages\rest_framework\views.py", line 457, in handle_exception
    self.raise_uncaught_exception(exc)
  File "C:\Users\Lenovo\Desktop\work\AdvancedDjango\myvenv\lib\site-packages\rest_framework\views.py", line 468, in raise_uncaught_exception
    raise exc
  File "C:\Users\Lenovo\Desktop\work\AdvancedDjango\myvenv\lib\site-packages\rest_framework\views.py", line 494, in dispatch
    response = handler(request, *args, **kwargs)
  File "C:\Users\Lenovo\Desktop\work\AdvancedDjango\myvenv\lib\site-packages\rest_framework\mixins.py", line 91, in destroy
    self.perform_destroy(instance)
  File "C:\Users\Lenovo\Desktop\work\AdvancedDjango\myvenv\lib\site-packages\rest_framework\mixins.py", line 95, in perform_destroy
    instance.delete()
  File "C:\Users\Lenovo\Desktop\work\AdvancedDjango\myvenv\lib\site-packages\django\db\models\base.py", line 919, in delete
    return collector.delete()
  File "C:\Users\Lenovo\Desktop\work\AdvancedDjango\myvenv\lib\site-packages\django\db\models\deletion.py", line 318, in delete
    sender=model, instance=obj, using=self.using
  File "C:\Users\Lenovo\Desktop\work\AdvancedDjango\myvenv\lib\site-packages\django\dispatch\dispatcher.py", line 175, in send
    for receiver in self._live_receivers(sender)
  File "C:\Users\Lenovo\Desktop\work\AdvancedDjango\myvenv\lib\site-packages\django\dispatch\dispatcher.py", line 175, in <listcomp>
    for receiver in self._live_receivers(sender)
  File "C:\Users\Lenovo\Desktop\work\AdvancedDjango\week3\main\signals.py", line 12, in task_deleted
    for taskdocument in instance.documents:
TypeError: 'RelatedManager' object is not iterable
INFO:django.utils.autoreload: C:\Users\Lenovo\Desktop\work\AdvancedDjango\week3\main\signals.py changed, reloading. (2019-11-13 16:43:12; autoreload.py:217)
INFO:django.utils.autoreload: Watching for file changes with StatReloader (2019-11-13 16:43:14; autoreload.py:597)
INFO:django.utils.autoreload: C:\Users\Lenovo\Desktop\work\AdvancedDjango\week3\main\signals.py changed, reloading. (2019-11-13 16:44:03; autoreload.py:217)
INFO:django.utils.autoreload: Watching for file changes with StatReloader (2019-11-13 16:44:04; autoreload.py:597)
INFO:main.views.viewset: 1: admin created task: fix signals (2019-11-13 16:44:29; viewset.py:51)
INFO:main.views.viewset: 1: admin created task: fix signals10 (2019-11-13 16:44:36; viewset.py:51)
INFO:django.utils.autoreload: C:\Users\Lenovo\Desktop\work\AdvancedDjango\week3\main\signals.py changed, reloading. (2019-11-13 16:46:57; autoreload.py:217)
INFO:django.utils.autoreload: Watching for file changes with StatReloader (2019-11-13 16:46:59; autoreload.py:597)
ERROR:django.request: Internal Server Error: /main/task_documents/7 (2019-11-13 16:49:01; log.py:228)
Traceback (most recent call last):
  File "C:\Users\Lenovo\Desktop\work\AdvancedDjango\myvenv\lib\site-packages\django\core\handlers\exception.py", line 34, in inner
    response = get_response(request)
  File "C:\Users\Lenovo\Desktop\work\AdvancedDjango\myvenv\lib\site-packages\django\utils\deprecation.py", line 93, in __call__
    response = self.process_request(request)
  File "C:\Users\Lenovo\Desktop\work\AdvancedDjango\myvenv\lib\site-packages\django\middleware\common.py", line 53, in process_request
    path = self.get_full_path_with_slash(request)
  File "C:\Users\Lenovo\Desktop\work\AdvancedDjango\myvenv\lib\site-packages\django\middleware\common.py", line 93, in get_full_path_with_slash
    'url': request.get_host() + new_path,
RuntimeError: You called this URL via POST, but the URL doesn't end in a slash and you have APPEND_SLASH set. Django can't redirect to the slash URL while maintaining POST data. Change your form to point to localhost:8000/main/task_documents/7/ (note the trailing slash), or set APPEND_SLASH=False in your Django settings.
INFO:django.utils.autoreload: C:\Users\Lenovo\Desktop\work\AdvancedDjango\week3\main\signals.py changed, reloading. (2019-11-13 16:50:44; autoreload.py:217)
INFO:django.utils.autoreload: Watching for file changes with StatReloader (2019-11-13 16:50:46; autoreload.py:597)
INFO:main.views.viewset: 1: admin created task: fix signals10 (2019-11-13 16:51:04; viewset.py:51)
INFO:main.views.viewset: 1: admin created task: fix signals10 (2019-11-13 16:51:05; viewset.py:51)
INFO:main.views.viewset: 1: admin created task: fix signals10 (2019-11-13 16:51:07; viewset.py:51)
INFO:main.views.viewset: 1: admin created task: fix signals10 (2019-11-13 16:51:08; viewset.py:51)
INFO:django.utils.autoreload: C:\Users\Lenovo\Desktop\work\AdvancedDjango\week3\main\signals.py changed, reloading. (2019-11-13 16:52:40; autoreload.py:217)
INFO:django.utils.autoreload: Watching for file changes with StatReloader (2019-11-13 16:52:41; autoreload.py:597)
INFO:main.views.viewset: 1: admin created task: fix signals10 (2019-11-13 17:08:09; viewset.py:51)
INFO:django.utils.autoreload: C:\Users\Lenovo\Desktop\work\AdvancedDjango\week3\main\signals.py changed, reloading. (2019-11-13 17:09:48; autoreload.py:217)
INFO:django.utils.autoreload: Watching for file changes with StatReloader (2019-11-13 17:10:02; autoreload.py:597)
ERROR:django.request: Internal Server Error: /main/tasks/11/ (2019-11-13 17:10:33; log.py:228)
Traceback (most recent call last):
  File "C:\Users\Lenovo\Desktop\work\AdvancedDjango\myvenv\lib\site-packages\django\core\handlers\exception.py", line 34, in inner
    response = get_response(request)
  File "C:\Users\Lenovo\Desktop\work\AdvancedDjango\myvenv\lib\site-packages\django\core\handlers\base.py", line 115, in _get_response
    response = self.process_exception_by_middleware(e, request)
  File "C:\Users\Lenovo\Desktop\work\AdvancedDjango\myvenv\lib\site-packages\django\core\handlers\base.py", line 113, in _get_response
    response = wrapped_callback(request, *callback_args, **callback_kwargs)
  File "C:\Users\Lenovo\Desktop\work\AdvancedDjango\myvenv\lib\site-packages\django\views\decorators\csrf.py", line 54, in wrapped_view
    return view_func(*args, **kwargs)
  File "C:\Users\Lenovo\Desktop\work\AdvancedDjango\myvenv\lib\site-packages\rest_framework\viewsets.py", line 114, in view
    return self.dispatch(request, *args, **kwargs)
  File "C:\Users\Lenovo\Desktop\work\AdvancedDjango\myvenv\lib\site-packages\rest_framework\views.py", line 497, in dispatch
    response = self.handle_exception(exc)
  File "C:\Users\Lenovo\Desktop\work\AdvancedDjango\myvenv\lib\site-packages\rest_framework\views.py", line 457, in handle_exception
    self.raise_uncaught_exception(exc)
  File "C:\Users\Lenovo\Desktop\work\AdvancedDjango\myvenv\lib\site-packages\rest_framework\views.py", line 468, in raise_uncaught_exception
    raise exc
  File "C:\Users\Lenovo\Desktop\work\AdvancedDjango\myvenv\lib\site-packages\rest_framework\views.py", line 494, in dispatch
    response = handler(request, *args, **kwargs)
  File "C:\Users\Lenovo\Desktop\work\AdvancedDjango\myvenv\lib\site-packages\rest_framework\mixins.py", line 91, in destroy
    self.perform_destroy(instance)
  File "C:\Users\Lenovo\Desktop\work\AdvancedDjango\myvenv\lib\site-packages\rest_framework\mixins.py", line 95, in perform_destroy
    instance.delete()
  File "C:\Users\Lenovo\Desktop\work\AdvancedDjango\myvenv\lib\site-packages\django\db\models\base.py", line 919, in delete
    return collector.delete()
  File "C:\Users\Lenovo\Desktop\work\AdvancedDjango\myvenv\lib\site-packages\django\db\models\deletion.py", line 289, in delete
    sender=model, instance=obj, using=self.using
  File "C:\Users\Lenovo\Desktop\work\AdvancedDjango\myvenv\lib\site-packages\django\dispatch\dispatcher.py", line 175, in send
    for receiver in self._live_receivers(sender)
  File "C:\Users\Lenovo\Desktop\work\AdvancedDjango\myvenv\lib\site-packages\django\dispatch\dispatcher.py", line 175, in <listcomp>
    for receiver in self._live_receivers(sender)
  File "C:\Users\Lenovo\Desktop\work\AdvancedDjango\week3\main\signals.py", line 15, in task_deleted
    task_delete_path(document=taskdocument.document)
  File "C:\Users\Lenovo\Desktop\work\AdvancedDjango\week3\utils\upload.py", line 14, in task_delete_path
    shutil.rmtree(task_path)
  File "C:\Users\Lenovo\AppData\Local\Programs\Python\Python37-32\lib\shutil.py", line 516, in rmtree
    return _rmtree_unsafe(path, onerror)
  File "C:\Users\Lenovo\AppData\Local\Programs\Python\Python37-32\lib\shutil.py", line 377, in _rmtree_unsafe
    onerror(os.scandir, path, sys.exc_info())
  File "C:\Users\Lenovo\AppData\Local\Programs\Python\Python37-32\lib\shutil.py", line 374, in _rmtree_unsafe
    with os.scandir(path) as scandir_it:
FileNotFoundError: [WinError 3] Системе не удается найти указанный путь: 'C:\\Users\\Lenovo\\Desktop\\work\\AdvancedDjango\\week3\\media\\projects\\1\\11'
INFO:django.utils.autoreload: C:\Users\Lenovo\Desktop\work\AdvancedDjango\week3\main\models.py changed, reloading. (2019-11-13 17:12:18; autoreload.py:217)
INFO:django.utils.autoreload: Watching for file changes with StatReloader (2019-11-13 17:12:28; autoreload.py:597)
INFO:main.views.viewset: 1: admin created task: показатбь (2019-11-13 17:14:43; viewset.py:51)
INFO:main.views.viewset: 1: admin created task: show loggers lab (2019-11-13 17:18:04; viewset.py:51)
ERROR:main.serializers: value of name must have at least 3 characters (2019-11-13 17:18:49; serializers.py:102)
INFO:django.utils.autoreload: Watching for file changes with StatReloader (2019-11-20 00:49:09; autoreload.py:597)
INFO:django.utils.autoreload: C:\Users\Lenovo\Desktop\work\AdvancedDjango\week3\main\views\apiviews.py changed, reloading. (2019-11-20 01:25:55; autoreload.py:217)
INFO:django.utils.autoreload: Watching for file changes with StatReloader (2019-11-20 01:26:01; autoreload.py:597)
